<?xml version="1.0" encoding="UTF-8"?>
<testng-results skipped="0" failed="0" ignored="0" total="1" passed="1">
  <reporter-output>
  </reporter-output>
  <suite name="Default suite" duration-ms="6959" started-at="2018-09-05T23:30:06Z" finished-at="2018-09-05T23:30:13Z">
    <groups>
    </groups>
    <test name="Default test" duration-ms="6959" started-at="2018-09-05T23:30:06Z" finished-at="2018-09-05T23:30:13Z">
      <class name="TestCases.LoginApplication">
        <test-method status="PASS" signature="Login()[pri:0, instance:TestCases.LoginApplication@2a5ca609]" name="Login" duration-ms="6935" started-at="2018-09-05T23:30:06Z" finished-at="2018-09-05T23:30:13Z">
          <reporter-output>
          </reporter-output>
        </test-method> <!-- Login -->
      </class> <!-- TestCases.LoginApplication -->
    </test> <!-- Default test -->
  </suite> <!-- Default suite -->
</testng-results>
